#
# There is insufficient memory for the Java Runtime Environment to continue.
# Native memory allocation (malloc) failed to allocate 4194320 bytes for Chunk::new
# Possible reasons:
#   The system is out of physical RAM or swap space
#   In 32 bit mode, the process size limit was hit
# Possible solutions:
#   Reduce memory load on the system
#   Increase physical memory or swap space
#   Check if swap backing store is full
#   Use 64 bit Java on a 64 bit OS
#   Decrease Java heap size (-Xmx/-Xms)
#   Decrease number of Java threads
#   Decrease Java thread stack sizes (-Xss)
#   Set larger code cache with -XX:ReservedCodeCacheSize=
# This output file may be truncated or incomplete.
#
#  Out of Memory Error (allocation.cpp:390), pid=6612, tid=3788
#
# JRE version: Java(TM) SE Runtime Environment (8.0_31-b13) (build 1.8.0_31-b13)
# Java VM: Java HotSpot(TM) 64-Bit Server VM (25.31-b07 mixed mode windows-amd64 compressed oops)
# Failed to write core dump. Minidumps are not enabled by default on client versions of Windows
#

---------------  T H R E A D  ---------------

Current thread (0x000000000610b000):  JavaThread "C2 CompilerThread1" daemon [_thread_in_native, id=3788, stack(0x0000000007710000,0x0000000007810000)]

Stack: [0x0000000007710000,0x0000000007810000]
Native frames: (J=compiled Java code, j=interpreted, Vv=VM code, C=native code)
V  [jvm.dll+0x3169ba]


Current CompileTask:
C2:   9638 1650   !   4       com.android.dx.cf.code.Ropper::processBlock (1101 bytes)


---------------  P R O C E S S  ---------------

Java Threads: ( => current thread )
  0x000000000611e800 JavaThread "Service Thread" daemon [_thread_blocked, id=5432, stack(0x0000000007d10000,0x0000000007e10000)]
  0x000000000611b800 JavaThread "C1 CompilerThread2" daemon [_thread_blocked, id=5728, stack(0x0000000007810000,0x0000000007910000)]
=>0x000000000610b000 JavaThread "C2 CompilerThread1" daemon [_thread_in_native, id=3788, stack(0x0000000007710000,0x0000000007810000)]
  0x0000000006108000 JavaThread "C2 CompilerThread0" daemon [_thread_in_native, id=6948, stack(0x0000000007610000,0x0000000007710000)]
  0x0000000006106000 JavaThread "Attach Listener" daemon [_thread_blocked, id=6984, stack(0x0000000007510000,0x0000000007610000)]
  0x00000000060b6800 JavaThread "Signal Dispatcher" daemon [_thread_blocked, id=6152, stack(0x0000000007410000,0x0000000007510000)]
  0x000000000296f000 JavaThread "Finalizer" daemon [_thread_blocked, id=2180, stack(0x0000000007310000,0x0000000007410000)]
  0x000000000296c000 JavaThread "Reference Handler" daemon [_thread_blocked, id=6988, stack(0x0000000007210000,0x0000000007310000)]
  0x0000000002880800 JavaThread "main" [_thread_in_native, id=6976, stack(0x0000000000960000,0x0000000000a60000)]

Other Threads:
  0x0000000006085800 VMThread [stack: 0x0000000007110000,0x0000000007210000] [id=6312]
  0x000000000798e800 WatcherThread [stack: 0x0000000007e10000,0x0000000007f10000] [id=780]

VM state:not at safepoint (normal execution)

VM Mutex/Monitor currently owned by a thread: None

Heap:
 PSYoungGen      total 35328K, used 647K [0x00000000eab00000, 0x00000000ef380000, 0x0000000100000000)
  eden space 32768K, 1% used [0x00000000eab00000,0x00000000eaba1ff0,0x00000000ecb00000)
  from space 2560K, 0% used [0x00000000ecb00000,0x00000000ecb00000,0x00000000ecd80000)
  to   space 12288K, 0% used [0x00000000ee780000,0x00000000ee780000,0x00000000ef380000)
 ParOldGen       total 44032K, used 15769K [0x00000000c0000000, 0x00000000c2b00000, 0x00000000eab00000)
  object space 44032K, 35% used [0x00000000c0000000,0x00000000c0f66450,0x00000000c2b00000)
 Metaspace       used 6323K, capacity 7280K, committed 7552K, reserved 1058816K
  class space    used 599K, capacity 616K, committed 640K, reserved 1048576K

Card table byte_map: [0x0000000002db0000,0x0000000002fc0000] byte_map_base: 0x00000000027b0000

Marking Bits: (ParMarkBitMap*) 0x00000000670dd4f0
 Begin Bits: [0x0000000003520000, 0x0000000004520000)
 End Bits:   [0x0000000004520000, 0x0000000005520000)

Polling page: 0x00000000007f0000

CodeCache: size=245760Kb used=7252Kb max_used=7274Kb free=238507Kb
 bounds [0x000000000f010000, 0x000000000f730000, 0x000000001e010000]
 total_blobs=1946 nmethods=1678 adapters=181
 compilation: enabled

Compilation events (10 events):
Event: 3.811 Thread 0x000000000611b800 1687       2       com.android.dx.rop.code.Rops::opAput (97 bytes)
Event: 3.812 Thread 0x000000000611b800 nmethod 1687 0x000000000f6acfd0 code [0x000000000f6ad1a0, 0x000000000f6ad6d8]
Event: 3.820 Thread 0x000000000611b800 1688       2       java.util.HashMap::getNode (148 bytes)
Event: 3.821 Thread 0x000000000611b800 nmethod 1688 0x000000000f707a10 code [0x000000000f707ba0, 0x000000000f707f68]
Event: 3.824 Thread 0x000000000611b800 1689       2       com.android.dx.rop.type.Type::isCategory1 (36 bytes)
Event: 3.824 Thread 0x000000000611b800 nmethod 1689 0x000000000f678710 code [0x000000000f678860, 0x000000000f6789d0]
Event: 3.824 Thread 0x000000000611b800 1690       2       com.android.dx.cf.code.ExecutionStack::peekLocal (46 bytes)
Event: 3.825 Thread 0x000000000611b800 nmethod 1690 0x000000000f6ac990 code [0x000000000f6acb20, 0x000000000f6acdd8]
Event: 3.825 Thread 0x000000000611b800 1691       2       com.android.dx.cf.code.BaseMachine::popArgs (204 bytes)
Event: 3.826 Thread 0x000000000611b800 nmethod 1691 0x000000000f7081d0 code [0x000000000f708520, 0x000000000f7091c8]

GC Heap History (10 events):
Event: 1.143 GC heap before
{Heap before GC invocations=1 (full 0):
 PSYoungGen      total 18944K, used 16384K [0x00000000eab00000, 0x00000000ec000000, 0x0000000100000000)
  eden space 16384K, 100% used [0x00000000eab00000,0x00000000ebb00000,0x00000000ebb00000)
  from space 2560K, 0% used [0x00000000ebd80000,0x00000000ebd80000,0x00000000ec000000)
  to   space 2560K, 0% used [0x00000000ebb00000,0x00000000ebb00000,0x00000000ebd80000)
 ParOldGen       total 44032K, used 0K [0x00000000c0000000, 0x00000000c2b00000, 0x00000000eab00000)
  object space 44032K, 0% used [0x00000000c0000000,0x00000000c0000000,0x00000000c2b00000)
 Metaspace       used 5499K, capacity 6704K, committed 6784K, reserved 1056768K
  class space    used 549K, capacity 616K, committed 640K, reserved 1048576K
Event: 1.152 GC heap after
Heap after GC invocations=1 (full 0):
 PSYoungGen      total 18944K, used 2535K [0x00000000eab00000, 0x00000000ec000000, 0x0000000100000000)
  eden space 16384K, 0% used [0x00000000eab00000,0x00000000eab00000,0x00000000ebb00000)
  from space 2560K, 99% used [0x00000000ebb00000,0x00000000ebd79c68,0x00000000ebd80000)
  to   space 2560K, 0% used [0x00000000ebd80000,0x00000000ebd80000,0x00000000ec000000)
 ParOldGen       total 44032K, used 1669K [0x00000000c0000000, 0x00000000c2b00000, 0x00000000eab00000)
  object space 44032K, 3% used [0x00000000c0000000,0x00000000c01a17e0,0x00000000c2b00000)
 Metaspace       used 5499K, capacity 6704K, committed 6784K, reserved 1056768K
  class space    used 549K, capacity 616K, committed 640K, reserved 1048576K
}
Event: 1.587 GC heap before
{Heap before GC invocations=2 (full 0):
 PSYoungGen      total 18944K, used 18919K [0x00000000eab00000, 0x00000000ec000000, 0x0000000100000000)
  eden space 16384K, 100% used [0x00000000eab00000,0x00000000ebb00000,0x00000000ebb00000)
  from space 2560K, 99% used [0x00000000ebb00000,0x00000000ebd79c68,0x00000000ebd80000)
  to   space 2560K, 0% used [0x00000000ebd80000,0x00000000ebd80000,0x00000000ec000000)
 ParOldGen       total 44032K, used 1669K [0x00000000c0000000, 0x00000000c2b00000, 0x00000000eab00000)
  object space 44032K, 3% used [0x00000000c0000000,0x00000000c01a17e0,0x00000000c2b00000)
 Metaspace       used 5778K, capacity 6960K, committed 7040K, reserved 1056768K
  class space    used 551K, capacity 616K, committed 640K, reserved 1048576K
Event: 1.599 GC heap after
Heap after GC invocations=2 (full 0):
 PSYoungGen      total 18944K, used 2551K [0x00000000eab00000, 0x00000000ed000000, 0x0000000100000000)
  eden space 16384K, 0% used [0x00000000eab00000,0x00000000eab00000,0x00000000ebb00000)
  from space 2560K, 99% used [0x00000000ebd80000,0x00000000ebffdc88,0x00000000ec000000)
  to   space 2560K, 0% used [0x00000000ebb00000,0x00000000ebb00000,0x00000000ebd80000)
 ParOldGen       total 44032K, used 4371K [0x00000000c0000000, 0x00000000c2b00000, 0x00000000eab00000)
  object space 44032K, 9% used [0x00000000c0000000,0x00000000c0444cd0,0x00000000c2b00000)
 Metaspace       used 5778K, capacity 6960K, committed 7040K, reserved 1056768K
  class space    used 551K, capacity 616K, committed 640K, reserved 1048576K
}
Event: 1.999 GC heap before
{Heap before GC invocations=3 (full 0):
 PSYoungGen      total 18944K, used 18935K [0x00000000eab00000, 0x00000000ed000000, 0x0000000100000000)
  eden space 16384K, 100% used [0x00000000eab00000,0x00000000ebb00000,0x00000000ebb00000)
  from space 2560K, 99% used [0x00000000ebd80000,0x00000000ebffdc88,0x00000000ec000000)
  to   space 2560K, 0% used [0x00000000ebb00000,0x00000000ebb00000,0x00000000ebd80000)
 ParOldGen       total 44032K, used 4371K [0x00000000c0000000, 0x00000000c2b00000, 0x00000000eab00000)
  object space 44032K, 9% used [0x00000000c0000000,0x00000000c0444cd0,0x00000000c2b00000)
 Metaspace       used 5838K, capacity 7024K, committed 7296K, reserved 1056768K
  class space    used 551K, capacity 616K, committed 640K, reserved 1048576K
Event: 2.012 GC heap after
Heap after GC invocations=3 (full 0):
 PSYoungGen      total 18944K, used 2528K [0x00000000eab00000, 0x00000000ed000000, 0x0000000100000000)
  eden space 16384K, 0% used [0x00000000eab00000,0x00000000eab00000,0x00000000ebb00000)
  from space 2560K, 98% used [0x00000000ebb00000,0x00000000ebd78048,0x00000000ebd80000)
  to   space 2560K, 0% used [0x00000000ecd80000,0x00000000ecd80000,0x00000000ed000000)
 ParOldGen       total 44032K, used 6946K [0x00000000c0000000, 0x00000000c2b00000, 0x00000000eab00000)
  object space 44032K, 15% used [0x00000000c0000000,0x00000000c06c8820,0x00000000c2b00000)
 Metaspace       used 5838K, capacity 7024K, committed 7296K, reserved 1056768K
  class space    used 551K, capacity 616K, committed 640K, reserved 1048576K
}
Event: 2.298 GC heap before
{Heap before GC invocations=4 (full 0):
 PSYoungGen      total 18944K, used 18912K [0x00000000eab00000, 0x00000000ed000000, 0x0000000100000000)
  eden space 16384K, 100% used [0x00000000eab00000,0x00000000ebb00000,0x00000000ebb00000)
  from space 2560K, 98% used [0x00000000ebb00000,0x00000000ebd78048,0x00000000ebd80000)
  to   space 2560K, 0% used [0x00000000ecd80000,0x00000000ecd80000,0x00000000ed000000)
 ParOldGen       total 44032K, used 6946K [0x00000000c0000000, 0x00000000c2b00000, 0x00000000eab00000)
  object space 44032K, 15% used [0x00000000c0000000,0x00000000c06c8820,0x00000000c2b00000)
 Metaspace       used 5876K, capacity 7088K, committed 7296K, reserved 1056768K
  class space    used 553K, capacity 616K, committed 640K, reserved 1048576K
Event: 2.325 GC heap after
Heap after GC invocations=4 (full 0):
 PSYoungGen      total 35328K, used 2528K [0x00000000eab00000, 0x00000000ed000000, 0x0000000100000000)
  eden space 32768K, 0% used [0x00000000eab00000,0x00000000eab00000,0x00000000ecb00000)
  from space 2560K, 98% used [0x00000000ecd80000,0x00000000ecff8020,0x00000000ed000000)
  to   space 2560K, 0% used [0x00000000ecb00000,0x00000000ecb00000,0x00000000ecd80000)
 ParOldGen       total 44032K, used 10100K [0x00000000c0000000, 0x00000000c2b00000, 0x00000000eab00000)
  object space 44032K, 22% used [0x00000000c0000000,0x00000000c09dd2f8,0x00000000c2b00000)
 Metaspace       used 5876K, capacity 7088K, committed 7296K, reserved 1056768K
  class space    used 553K, capacity 616K, committed 640K, reserved 1048576K
}
Event: 2.921 GC heap before
{Heap before GC invocations=5 (full 0):
 PSYoungGen      total 35328K, used 35296K [0x00000000eab00000, 0x00000000ed000000, 0x0000000100000000)
  eden space 32768K, 100% used [0x00000000eab00000,0x00000000ecb00000,0x00000000ecb00000)
  from space 2560K, 98% used [0x00000000ecd80000,0x00000000ecff8020,0x00000000ed000000)
  to   space 2560K, 0% used [0x00000000ecb00000,0x00000000ecb00000,0x00000000ecd80000)
 ParOldGen       total 44032K, used 10100K [0x00000000c0000000, 0x00000000c2b00000, 0x00000000eab00000)
  object space 44032K, 22% used [0x00000000c0000000,0x00000000c09dd2f8,0x00000000c2b00000)
 Metaspace       used 5892K, capacity 7088K, committed 7296K, reserved 1056768K
  class space    used 553K, capacity 616K, committed 640K, reserved 1048576K
Event: 2.955 GC heap after
Heap after GC invocations=5 (full 0):
 PSYoungGen      total 35328K, used 2544K [0x00000000eab00000, 0x00000000efb00000, 0x0000000100000000)
  eden space 32768K, 0% used [0x00000000eab00000,0x00000000eab00000,0x00000000ecb00000)
  from space 2560K, 99% used [0x00000000ecb00000,0x00000000ecd7c010,0x00000000ecd80000)
  to   space 8192K, 0% used [0x00000000ef300000,0x00000000ef300000,0x00000000efb00000)
 ParOldGen       total 44032K, used 15587K [0x00000000c0000000, 0x00000000c2b00000, 0x00000000eab00000)
  object space 44032K, 35% used [0x00000000c0000000,0x00000000c0f38f98,0x00000000c2b00000)
 Metaspace       used 5892K, capacity 7088K, committed 7296K, reserved 1056768K
  class space    used 553K, capacity 616K, committed 640K, reserved 1048576K
}

Deoptimization events (10 events):
Event: 2.806 Thread 0x0000000002880800 Uncommon trap: reason=bimorphic action=maybe_recompile pc=0x000000000f3b9220 method=java.util.HashMap.getNode(ILjava/lang/Object;)Ljava/util/HashMap$Node; @ 126
Event: 3.415 Thread 0x0000000002880800 Uncommon trap: reason=class_check action=maybe_recompile pc=0x000000000f5818fc method=java.util.HashMap.putVal(ILjava/lang/Object;Ljava/lang/Object;ZZ)Ljava/lang/Object; @ 203
Event: 3.482 Thread 0x0000000002880800 Uncommon trap: reason=bimorphic action=maybe_recompile pc=0x000000000f568fa8 method=com.android.dx.cf.code.BytecodeArray.parseInstruction(ILcom/android/dx/cf/code/BytecodeArray$Visitor;)I @ 939
Event: 3.482 Thread 0x0000000002880800 Uncommon trap: reason=bimorphic action=maybe_recompile pc=0x000000000f568ea8 method=com.android.dx.cf.code.BytecodeArray.parseInstruction(ILcom/android/dx/cf/code/BytecodeArray$Visitor;)I @ 907
Event: 3.482 Thread 0x0000000002880800 Uncommon trap: reason=bimorphic action=maybe_recompile pc=0x000000000f568ea8 method=com.android.dx.cf.code.BytecodeArray.parseInstruction(ILcom/android/dx/cf/code/BytecodeArray$Visitor;)I @ 907
Event: 3.482 Thread 0x0000000002880800 Uncommon trap: reason=bimorphic action=maybe_recompile pc=0x000000000f568f28 method=com.android.dx.cf.code.BytecodeArray.parseInstruction(ILcom/android/dx/cf/code/BytecodeArray$Visitor;)I @ 923
Event: 3.482 Thread 0x0000000002880800 Uncommon trap: reason=bimorphic action=maybe_recompile pc=0x000000000f568f28 method=com.android.dx.cf.code.BytecodeArray.parseInstruction(ILcom/android/dx/cf/code/BytecodeArray$Visitor;)I @ 923
Event: 3.482 Thread 0x0000000002880800 Uncommon trap: reason=unreached action=reinterpret pc=0x000000000f6b8400 method=com.android.dx.cf.code.RopperMachine.run(Lcom/android/dx/cf/code/Frame;II)V @ 1500
Event: 3.818 Thread 0x0000000002880800 Uncommon trap: reason=bimorphic action=maybe_recompile pc=0x000000000f22c190 method=java.util.HashMap.getNode(ILjava/lang/Object;)Ljava/util/HashMap$Node; @ 126
Event: 3.818 Thread 0x0000000002880800 Uncommon trap: reason=class_check action=maybe_recompile pc=0x000000000f5818fc method=java.util.HashMap.putVal(ILjava/lang/Object;Ljava/lang/Object;ZZ)Ljava/lang/Object; @ 203

Internal exceptions (10 events):
Event: 0.788 Thread 0x0000000002880800 Exception <a 'java/security/PrivilegedActionException'> (0x00000000eb3fa798) thrown at [C:\workspace\8-2-build-windows-amd64-cygwin\jdk8u31\2394\hotspot\src\share\vm\prims\jvm.cpp, line 1312]
Event: 0.806 Thread 0x0000000002880800 Exception <a 'java/security/PrivilegedActionException'> (0x00000000eb44f7c0) thrown at [C:\workspace\8-2-build-windows-amd64-cygwin\jdk8u31\2394\hotspot\src\share\vm\prims\jvm.cpp, line 1312]
Event: 0.812 Thread 0x0000000002880800 Exception <a 'java/security/PrivilegedActionException'> (0x00000000eb469910) thrown at [C:\workspace\8-2-build-windows-amd64-cygwin\jdk8u31\2394\hotspot\src\share\vm\prims\jvm.cpp, line 1312]
Event: 1.139 Thread 0x0000000002880800 Exception <a 'java/security/PrivilegedActionException'> (0x00000000ebae6f10) thrown at [C:\workspace\8-2-build-windows-amd64-cygwin\jdk8u31\2394\hotspot\src\share\vm\prims\jvm.cpp, line 1312]
Event: 1.186 Thread 0x0000000002880800 Exception <a 'java/security/PrivilegedActionException'> (0x00000000eac831f0) thrown at [C:\workspace\8-2-build-windows-amd64-cygwin\jdk8u31\2394\hotspot\src\share\vm\prims\jvm.cpp, line 1312]
Event: 1.317 Thread 0x0000000002880800 Exception <a 'java/security/PrivilegedActionException'> (0x00000000eb122ee0) thrown at [C:\workspace\8-2-build-windows-amd64-cygwin\jdk8u31\2394\hotspot\src\share\vm\prims\jvm.cpp, line 1312]
Event: 2.248 Thread 0x0000000002880800 Exception <a 'java/security/PrivilegedActionException'> (0x00000000eb76a2d8) thrown at [C:\workspace\8-2-build-windows-amd64-cygwin\jdk8u31\2394\hotspot\src\share\vm\prims\jvm.cpp, line 1312]
Event: 2.250 Thread 0x0000000002880800 Exception <a 'java/security/PrivilegedActionException'> (0x00000000eb774560) thrown at [C:\workspace\8-2-build-windows-amd64-cygwin\jdk8u31\2394\hotspot\src\share\vm\prims\jvm.cpp, line 1312]
Event: 2.251 Thread 0x0000000002880800 Exception <a 'java/security/PrivilegedActionException'> (0x00000000eb776b30) thrown at [C:\workspace\8-2-build-windows-amd64-cygwin\jdk8u31\2394\hotspot\src\share\vm\prims\jvm.cpp, line 1312]
Event: 2.256 Thread 0x0000000002880800 Exception <a 'java/security/PrivilegedActionException'> (0x00000000eb77a7c8) thrown at [C:\workspace\8-2-build-windows-amd64-cygwin\jdk8u31\2394\hotspot\src\share\vm\prims\jvm.cpp, line 1312]

Events (10 events):
Event: 3.482 Thread 0x0000000002880800 DEOPT UNPACKING pc=0x000000000f05556a sp=0x0000000000a5e748 mode 2
Event: 3.482 Thread 0x0000000002880800 Uncommon trap: trap_request=0xffffffad fr.pc=0x000000000f6b8400
Event: 3.482 Thread 0x0000000002880800 DEOPT PACKING pc=0x000000000f6b8400 sp=0x0000000000a5e530
Event: 3.482 Thread 0x0000000002880800 DEOPT UNPACKING pc=0x000000000f05556a sp=0x0000000000a5e4e8 mode 2
Event: 3.818 Thread 0x0000000002880800 Uncommon trap: trap_request=0xffffffc6 fr.pc=0x000000000f22c190
Event: 3.818 Thread 0x0000000002880800 DEOPT PACKING pc=0x000000000f22c190 sp=0x0000000000a5e6b0
Event: 3.818 Thread 0x0000000002880800 DEOPT UNPACKING pc=0x000000000f05556a sp=0x0000000000a5e620 mode 2
Event: 3.818 Thread 0x0000000002880800 Uncommon trap: trap_request=0xffffffde fr.pc=0x000000000f5818fc
Event: 3.818 Thread 0x0000000002880800 DEOPT PACKING pc=0x000000000f5818fc sp=0x0000000000a5e680
Event: 3.818 Thread 0x0000000002880800 DEOPT UNPACKING pc=0x000000000f05556a sp=0x0000000000a5e5f8 mode 2


Dynamic libraries:
0x00007ff773a20000 - 0x00007ff773a54000 	C:\Program Files\Java\jdk1.8.0_31\bin\java.exe
0x00007fffa4a20000 - 0x00007fffa4bca000 	C:\Windows\SYSTEM32\ntdll.dll
0x00007fffa4440000 - 0x00007fffa457a000 	C:\Windows\system32\KERNEL32.DLL
0x00007fffa2040000 - 0x00007fffa214f000 	C:\Windows\system32\KERNELBASE.dll
0x00007fffa08b0000 - 0x00007fffa0938000 	C:\Windows\system32\apphelp.dll
0x00007fff8f820000 - 0x00007fff8f86f000 	C:\Windows\AppPatch\AppPatch64\AcGenral.DLL
0x00007fffa4910000 - 0x00007fffa49b7000 	C:\Windows\system32\msvcrt.dll
0x00007fffa1bf0000 - 0x00007fffa1c1b000 	C:\Windows\SYSTEM32\SspiCli.dll
0x00007fffa3ee0000 - 0x00007fffa3f31000 	C:\Windows\system32\SHLWAPI.dll
0x00007fffa4590000 - 0x00007fffa4701000 	C:\Windows\system32\USER32.dll
0x00007fffa42c0000 - 0x00007fffa4438000 	C:\Windows\system32\ole32.dll
0x00007fffa2940000 - 0x00007fffa3d57000 	C:\Windows\system32\SHELL32.dll
0x00007fffa13d0000 - 0x00007fffa13ee000 	C:\Windows\SYSTEM32\USERENV.dll
0x00007fffa3d60000 - 0x00007fffa3e05000 	C:\Windows\system32\ADVAPI32.dll
0x00007fff981b0000 - 0x00007fff981cb000 	C:\Windows\SYSTEM32\MPR.dll
0x00007fffa3fa0000 - 0x00007fffa40d6000 	C:\Windows\system32\RPCRT4.dll
0x00007fffa3f40000 - 0x00007fffa3f97000 	C:\Windows\SYSTEM32\sechost.dll
0x00007fffa2760000 - 0x00007fffa2936000 	C:\Windows\SYSTEM32\combase.dll
0x00007fffa23a0000 - 0x00007fffa24e5000 	C:\Windows\system32\GDI32.dll
0x00007fffa1d90000 - 0x00007fffa1da4000 	C:\Windows\SYSTEM32\profapi.dll
0x00007fffa0940000 - 0x00007fffa09df000 	C:\Windows\SYSTEM32\SHCORE.dll
0x00007fffa2580000 - 0x00007fffa25b4000 	C:\Windows\system32\IMM32.DLL
0x00007fffa4710000 - 0x00007fffa4849000 	C:\Windows\system32\MSCTF.dll
0x00007fffa1d40000 - 0x00007fffa1d72000 	C:\Windows\system32\nvinitx.dll
0x00007fffa1d30000 - 0x00007fffa1d3a000 	C:\Windows\SYSTEM32\VERSION.dll
0x000000000f000000 - 0x000000000f006000 	C:\Program Files\NVIDIA Corporation\CoProcManager\_etoured.dll
0x00007fff9f670000 - 0x00007fff9f6a2000 	C:\Program Files\NVIDIA Corporation\CoProcManager\nvd3d9wrapx.dll
0x00007fffa40e0000 - 0x00007fffa42b4000 	C:\Windows\system32\SETUPAPI.dll
0x00007fffa21a0000 - 0x00007fffa21ea000 	C:\Windows\system32\CFGMGR32.dll
0x00007fff9f640000 - 0x00007fff9f662000 	C:\Program Files\NVIDIA Corporation\CoProcManager\nvdxgiwrapx.dll
0x00007fff9fd00000 - 0x00007fff9ff5a000 	C:\Windows\WinSxS\amd64_microsoft.windows.common-controls_6595b64144ccf1df_6.0.9600.17031_none_6242a4b3ecbb55a1\COMCTL32.dll
0x00000000663a0000 - 0x0000000066472000 	C:\Program Files\Java\jdk1.8.0_31\jre\bin\msvcr100.dll
0x0000000066900000 - 0x000000006715a000 	C:\Program Files\Java\jdk1.8.0_31\jre\bin\server\jvm.dll
0x00007fff9bf40000 - 0x00007fff9bf49000 	C:\Windows\SYSTEM32\WSOCK32.dll
0x00007fff9ff60000 - 0x00007fff9ff7f000 	C:\Windows\SYSTEM32\WINMM.dll
0x00007fffa3ed0000 - 0x00007fffa3ed7000 	C:\Windows\system32\PSAPI.DLL
0x00007fffa22a0000 - 0x00007fffa22f8000 	C:\Windows\system32\WS2_32.dll
0x00007fff9fca0000 - 0x00007fff9fcca000 	C:\Windows\SYSTEM32\WINMMBASE.dll
0x00007fffa2570000 - 0x00007fffa2579000 	C:\Windows\system32\NSI.dll
0x00007fffa0bc0000 - 0x00007fffa0be6000 	C:\Windows\SYSTEM32\DEVOBJ.dll
0x0000000066810000 - 0x000000006681f000 	C:\Program Files\Java\jdk1.8.0_31\jre\bin\verify.dll
0x00000000667e0000 - 0x0000000066808000 	C:\Program Files\Java\jdk1.8.0_31\jre\bin\java.dll
0x00000000667c0000 - 0x00000000667d6000 	C:\Program Files\Java\jdk1.8.0_31\jre\bin\zip.dll

VM Arguments:
jvm_args: -Xmx1024M -Dfile.encoding=x-windows-874 -Duser.country=US -Duser.language=en -Duser.variant 
java_command: com.android.dx.command.Main --dex --output C:\Users\l2ol3otic2\AndroidStudioProjects\MangoDrive_A1\app\build\intermediates\pre-dexed\debug\classes-b58563ec16670d27afbfbb214e98d987bafe82a7.jar C:\Users\l2ol3otic2\AndroidStudioProjects\MangoDrive_A1\app\build\intermediates\exploded-aar\com.google.android.gms\play-services-fitness\7.0.0\classes.jar
java_class_path (initial): C:\Users\l2ol3otic2\AppData\Local\Android\sdk\build-tools\22.0.0\lib\dx.jar
Launcher Type: SUN_STANDARD

Environment Variables:
PATH=C:\ProgramData\Oracle\Java\javapath;C:\Program Files (x86)\NVIDIA Corporation\PhysX\Common;C:\Windows\system32;C:\Windows;C:\Windows\System32\Wbem;C:\Windows\System32\WindowsPowerShell\v1.0\;C:\Program Files (x86)\Intel\OpenCL SDK\2.0\bin\x86;C:\Program Files (x86)\Intel\OpenCL SDK\2.0\bin\x64;C:\Program Files (x86)\Git\cmd
USERNAME=l2ol3otic2
OS=Windows_NT
PROCESSOR_IDENTIFIER=Intel64 Family 6 Model 42 Stepping 7, GenuineIntel



---------------  S Y S T E M  ---------------

OS: Windows 8.1 , 64 bit Build 9600 

CPU:total 4 (2 cores per cpu, 2 threads per core) family 6 model 42 stepping 7, cmov, cx8, fxsr, mmx, sse, sse2, sse3, ssse3, sse4.1, sse4.2, popcnt, avx, aes, clmul, ht, tsc, tscinvbit

Memory: 4k page, physical 4099248k(127756k free), swap 7244976k(1916k free)

vm_info: Java HotSpot(TM) 64-Bit Server VM (25.31-b07) for windows-amd64 JRE (1.8.0_31-b13), built on Dec 17 2014 21:00:28 by "java_re" with MS VC++ 10.0 (VS2010)

time: Tue Apr 28 01:40:53 2015
elapsed time: 10 seconds (0d 0h 0m 10s)

