#
# There is insufficient memory for the Java Runtime Environment to continue.
# Native memory allocation (malloc) failed to allocate 1048576 bytes for AllocateHeap
# Possible reasons:
#   The system is out of physical RAM or swap space
#   In 32 bit mode, the process size limit was hit
# Possible solutions:
#   Reduce memory load on the system
#   Increase physical memory or swap space
#   Check if swap backing store is full
#   Use 64 bit Java on a 64 bit OS
#   Decrease Java heap size (-Xmx/-Xms)
#   Decrease number of Java threads
#   Decrease Java thread stack sizes (-Xss)
#   Set larger code cache with -XX:ReservedCodeCacheSize=
# This output file may be truncated or incomplete.
#
#  Out of Memory Error (memory/allocation.inline.hpp:62), pid=7068, tid=6236
#
# JRE version:  (8.0_31-b13) (build )
# Java VM: Java HotSpot(TM) 64-Bit Server VM (25.31-b07 mixed mode windows-amd64 compressed oops)
# Failed to write core dump. Minidumps are not enabled by default on client versions of Windows
#

---------------  T H R E A D  ---------------

Current thread (0x0000000002be0800):  JavaThread "Unknown thread" [_thread_in_vm, id=6236, stack(0x0000000002ae0000,0x0000000002be0000)]

Stack: [0x0000000002ae0000,0x0000000002be0000]
Native frames: (J=compiled Java code, j=interpreted, Vv=VM code, C=native code)
V  [jvm.dll+0x3169ba]


---------------  P R O C E S S  ---------------

Java Threads: ( => current thread )

Other Threads:

=>0x0000000002be0800 (exited) JavaThread "Unknown thread" [_thread_in_vm, id=6236, stack(0x0000000002ae0000,0x0000000002be0000)]

VM state:not at safepoint (normal execution)

VM Mutex/Monitor currently owned by a thread: None

Heap:
 PSYoungGen      total 18944K, used 327K [0x00000000eab00000, 0x00000000ec000000, 0x0000000100000000)
  eden space 16384K, 2% used [0x00000000eab00000,0x00000000eab51ec8,0x00000000ebb00000)
  from space 2560K, 0% used [0x00000000ebd80000,0x00000000ebd80000,0x00000000ec000000)
  to   space 2560K, 0% used [0x00000000ebb00000,0x00000000ebb00000,0x00000000ebd80000)
 ParOldGen       total 44032K, used 0K [0x00000000c0000000, 0x00000000c2b00000, 0x00000000eab00000)
  object space 44032K, 0% used [0x00000000c0000000,0x00000000c0000000,0x00000000c2b00000)
 Metaspace       used 677K, capacity 4480K, committed 4480K, reserved 1056768K
  class space    used 67K, capacity 384K, committed 384K, reserved 1048576K

Card table byte_map: [0x00000000030a0000,0x00000000032b0000] byte_map_base: 0x0000000002aa0000

Marking Bits: (ParMarkBitMap*) 0x00000000670dd4f0
 Begin Bits: [0x0000000003810000, 0x0000000004810000)
 End Bits:   [0x0000000004810000, 0x0000000005810000)

Polling page: 0x0000000000b70000

CodeCache: size=245760Kb used=327Kb max_used=327Kb free=245432Kb
 bounds [0x000000000f010000, 0x000000000f280000, 0x000000001e010000]
 total_blobs=56 nmethods=0 adapters=37
 compilation: enabled

Compilation events (0 events):
No events

GC Heap History (0 events):
No events

Deoptimization events (0 events):
No events

Internal exceptions (0 events):
No events

Events (10 events):
Event: 0.060 loading class java/lang/Short
Event: 0.060 loading class java/lang/Short done
Event: 0.060 loading class java/lang/Integer
Event: 0.060 loading class java/lang/Integer done
Event: 0.060 loading class java/lang/Long
Event: 0.060 loading class java/lang/Long done
Event: 0.061 loading class java/lang/NullPointerException
Event: 0.061 loading class java/lang/NullPointerException done
Event: 0.061 loading class java/lang/ArithmeticException
Event: 0.061 loading class java/lang/ArithmeticException done


Dynamic libraries:
0x00007ff773a20000 - 0x00007ff773a54000 	C:\Program Files\Java\jdk1.8.0_31\bin\java.exe
0x00007fffa4a20000 - 0x00007fffa4bca000 	C:\Windows\SYSTEM32\ntdll.dll
0x00007fffa4440000 - 0x00007fffa457a000 	C:\Windows\system32\KERNEL32.DLL
0x00007fffa2040000 - 0x00007fffa214f000 	C:\Windows\system32\KERNELBASE.dll
0x00007fffa08b0000 - 0x00007fffa0938000 	C:\Windows\system32\apphelp.dll
0x00007fff8f820000 - 0x00007fff8f86f000 	C:\Windows\AppPatch\AppPatch64\AcGenral.DLL
0x00007fffa4910000 - 0x00007fffa49b7000 	C:\Windows\system32\msvcrt.dll
0x00007fffa1bf0000 - 0x00007fffa1c1b000 	C:\Windows\SYSTEM32\SspiCli.dll
0x00007fffa3ee0000 - 0x00007fffa3f31000 	C:\Windows\system32\SHLWAPI.dll
0x00007fffa4590000 - 0x00007fffa4701000 	C:\Windows\system32\USER32.dll
0x00007fffa42c0000 - 0x00007fffa4438000 	C:\Windows\system32\ole32.dll
0x00007fffa2940000 - 0x00007fffa3d57000 	C:\Windows\system32\SHELL32.dll
0x00007fffa13d0000 - 0x00007fffa13ee000 	C:\Windows\SYSTEM32\USERENV.dll
0x00007fffa3d60000 - 0x00007fffa3e05000 	C:\Windows\system32\ADVAPI32.dll
0x00007fff981b0000 - 0x00007fff981cb000 	C:\Windows\SYSTEM32\MPR.dll
0x00007fffa3fa0000 - 0x00007fffa40d6000 	C:\Windows\system32\RPCRT4.dll
0x00007fffa3f40000 - 0x00007fffa3f97000 	C:\Windows\SYSTEM32\sechost.dll
0x00007fffa2760000 - 0x00007fffa2936000 	C:\Windows\SYSTEM32\combase.dll
0x00007fffa23a0000 - 0x00007fffa24e5000 	C:\Windows\system32\GDI32.dll
0x00007fffa1d90000 - 0x00007fffa1da4000 	C:\Windows\SYSTEM32\profapi.dll
0x00007fffa0940000 - 0x00007fffa09df000 	C:\Windows\SYSTEM32\SHCORE.dll
0x00007fffa2580000 - 0x00007fffa25b4000 	C:\Windows\system32\IMM32.DLL
0x00007fffa4710000 - 0x00007fffa4849000 	C:\Windows\system32\MSCTF.dll
0x00007fffa1d40000 - 0x00007fffa1d72000 	C:\Windows\system32\nvinitx.dll
0x00007fffa1d30000 - 0x00007fffa1d3a000 	C:\Windows\SYSTEM32\VERSION.dll
0x000000000f000000 - 0x000000000f006000 	C:\Program Files\NVIDIA Corporation\CoProcManager\_etoured.dll
0x00007fff9f670000 - 0x00007fff9f6a2000 	C:\Program Files\NVIDIA Corporation\CoProcManager\nvd3d9wrapx.dll
0x00007fffa40e0000 - 0x00007fffa42b4000 	C:\Windows\system32\SETUPAPI.dll
0x00007fffa21a0000 - 0x00007fffa21ea000 	C:\Windows\system32\CFGMGR32.dll
0x00007fff9f640000 - 0x00007fff9f662000 	C:\Program Files\NVIDIA Corporation\CoProcManager\nvdxgiwrapx.dll
0x00007fff9fd00000 - 0x00007fff9ff5a000 	C:\Windows\WinSxS\amd64_microsoft.windows.common-controls_6595b64144ccf1df_6.0.9600.17031_none_6242a4b3ecbb55a1\COMCTL32.dll
0x00000000663a0000 - 0x0000000066472000 	C:\Program Files\Java\jdk1.8.0_31\jre\bin\msvcr100.dll
0x0000000066900000 - 0x000000006715a000 	C:\Program Files\Java\jdk1.8.0_31\jre\bin\server\jvm.dll
0x00007fff9bf40000 - 0x00007fff9bf49000 	C:\Windows\SYSTEM32\WSOCK32.dll
0x00007fff9ff60000 - 0x00007fff9ff7f000 	C:\Windows\SYSTEM32\WINMM.dll
0x00007fffa3ed0000 - 0x00007fffa3ed7000 	C:\Windows\system32\PSAPI.DLL
0x00007fffa22a0000 - 0x00007fffa22f8000 	C:\Windows\system32\WS2_32.dll
0x00007fff9fca0000 - 0x00007fff9fcca000 	C:\Windows\SYSTEM32\WINMMBASE.dll
0x00007fffa2570000 - 0x00007fffa2579000 	C:\Windows\system32\NSI.dll
0x00007fffa0bc0000 - 0x00007fffa0be6000 	C:\Windows\SYSTEM32\DEVOBJ.dll
0x0000000066810000 - 0x000000006681f000 	C:\Program Files\Java\jdk1.8.0_31\jre\bin\verify.dll
0x00000000667e0000 - 0x0000000066808000 	C:\Program Files\Java\jdk1.8.0_31\jre\bin\java.dll
0x00000000667c0000 - 0x00000000667d6000 	C:\Program Files\Java\jdk1.8.0_31\jre\bin\zip.dll

VM Arguments:
jvm_args: -Xmx1024M -Dfile.encoding=x-windows-874 -Duser.country=US -Duser.language=en -Duser.variant 
java_command: com.android.dx.command.Main --dex --output C:\Users\l2ol3otic2\AndroidStudioProjects\MangoDrive_A1\app\build\intermediates\pre-dexed\debug\classes-e3c5fb9154fac52ab675f86da156dee208f49286.jar C:\Users\l2ol3otic2\AndroidStudioProjects\MangoDrive_A1\app\build\intermediates\exploded-aar\com.google.android.gms\play-services-identity\7.0.0\classes.jar
java_class_path (initial): C:\Users\l2ol3otic2\AppData\Local\Android\sdk\build-tools\22.0.0\lib\dx.jar
Launcher Type: SUN_STANDARD

Environment Variables:
PATH=C:\ProgramData\Oracle\Java\javapath;C:\Program Files (x86)\NVIDIA Corporation\PhysX\Common;C:\Windows\system32;C:\Windows;C:\Windows\System32\Wbem;C:\Windows\System32\WindowsPowerShell\v1.0\;C:\Program Files (x86)\Intel\OpenCL SDK\2.0\bin\x86;C:\Program Files (x86)\Intel\OpenCL SDK\2.0\bin\x64;C:\Program Files (x86)\Git\cmd
USERNAME=l2ol3otic2
OS=Windows_NT
PROCESSOR_IDENTIFIER=Intel64 Family 6 Model 42 Stepping 7, GenuineIntel



---------------  S Y S T E M  ---------------

OS: Windows 8.1 , 64 bit Build 9600 

CPU:total 4 (2 cores per cpu, 2 threads per core) family 6 model 42 stepping 7, cmov, cx8, fxsr, mmx, sse, sse2, sse3, ssse3, sse4.1, sse4.2, popcnt, avx, aes, clmul, ht, tsc, tscinvbit

Memory: 4k page, physical 4099248k(127776k free), swap 7244976k(1932k free)

vm_info: Java HotSpot(TM) 64-Bit Server VM (25.31-b07) for windows-amd64 JRE (1.8.0_31-b13), built on Dec 17 2014 21:00:28 by "java_re" with MS VC++ 10.0 (VS2010)

time: Tue Apr 28 01:40:53 2015
elapsed time: 10 seconds (0d 0h 0m 10s)

