JvmtiExport can_access_local_variables 0
JvmtiExport can_hotswap_or_post_breakpoint 0
JvmtiExport can_post_on_exceptions 0
# 280 ciObject found
ciMethod java/lang/Object <init> ()V 4097 1 826056 0 0
ciMethod java/lang/System arraycopy (Ljava/lang/Object;ILjava/lang/Object;II)V 5121 1 640 0 -1
ciMethod java/util/ArrayList <init> ()V 113 1 54954 0 -1
ciMethod java/util/ArrayList add (Ljava/lang/Object;)Z 641 1 348823 0 -1
ciMethodData java/lang/Object <init> ()V 2 826056 orig 264 104 158 235 102 0 0 0 0 136 4 18 6 0 0 0 0 32 1 0 0 0 0 0 0 0 0 0 0 0 0 0 0 0 0 0 0 0 0 0 0 0 0 0 0 0 0 0 0 0 0 0 0 0 0 0 0 0 0 0 0 0 0 0 0 0 0 0 0 0 0 0 0 0 0 0 0 0 0 0 0 77 68 79 32 101 120 116 114 97 32 100 97 116 97 32 108 111 99 107 0 0 0 0 0 0 0 0 0 0 0 0 0 0 0 0 0 0 0 0 0 0 0 0 0 0 0 0 0 0 0 0 0 0 0 0 0 0 0 0 0 0 0 0 0 0 0 0 0 0 0 0 0 0 0 0 0 0 0 0 0 0 0 0 0 0 0 0 0 0 0 0 0 0 0 0 0 0 0 0 0 0 0 0 0 1 0 0 0 0 0 0 0 1 0 0 0 0 0 0 0 1 0 0 0 0 0 0 0 0 0 0 0 0 0 0 0 0 2 0 0 65 198 100 0 1 0 0 0 0 0 0 0 0 0 0 0 2 0 0 0 0 0 3 0 3 0 0 0 0 0 0 0 255 255 255 255 0 0 0 0 0 0 0 0 data 0 oops 0
ciMethod com/android/dx/rop/cst/ConstantPool get (I)Lcom/android/dx/rop/cst/Constant; 0 0 1 0 -1
ciMethod com/android/dx/util/ByteArray getByte (I)I 25 1 1796 0 0
ciMethod com/android/dx/util/ByteArray getShort (I)I 49 1 2770 0 0
ciMethod com/android/dx/util/ByteArray getInt (I)I 697 1 4632 0 0
ciMethod com/android/dx/util/ByteArray getUnsignedByte (I)I 2049 1 102532 0 160
ciMethod com/android/dx/util/ByteArray getUnsignedShort (I)I 3113 1 58265 0 224
ciMethod com/android/dx/util/ByteArray checkOffsets (II)V 2049 1 5380 0 96
ciMethod com/android/dx/util/ByteArray getByte0 (I)I 4913 1 9226 0 0
ciMethod com/android/dx/util/ByteArray getUnsignedByte0 (I)I 2049 1 236506 0 96
ciMethod com/android/dx/cf/code/BytecodeArray$Visitor visitInvalid (III)V 0 0 1 0 -1
ciMethod com/android/dx/cf/code/BytecodeArray$Visitor visitNoArgs (IIILcom/android/dx/rop/type/Type;)V 0 0 1 0 -1
ciMethod com/android/dx/cf/code/BytecodeArray$Visitor visitLocal (IIIILcom/android/dx/rop/type/Type;I)V 0 0 1 0 -1
ciMethod com/android/dx/cf/code/BytecodeArray$Visitor visitConstant (IIILcom/android/dx/rop/cst/Constant;I)V 0 0 1 0 -1
ciMethod com/android/dx/cf/code/BytecodeArray$Visitor visitBranch (IIII)V 0 0 1 0 -1
ciMethod com/android/dx/cf/code/BytecodeArray$Visitor visitSwitch (IIILcom/android/dx/cf/code/SwitchList;I)V 0 0 1 0 -1
ciMethod com/android/dx/cf/code/BytecodeArray$Visitor visitNewarray (IILcom/android/dx/rop/cst/CstType;Ljava/util/ArrayList;)V 0 0 1 0 -1
ciMethod com/android/dx/cf/code/BytecodeArray$Visitor getPreviousOffset ()I 0 0 1 0 -1
ciMethod com/android/dx/rop/cst/CstInteger make (I)Lcom/android/dx/rop/cst/CstInteger; 537 1 4884 0 -1
ciMethod com/android/dx/rop/cst/CstInteger <init> (I)V 257 1 313 0 -1
ciMethod com/android/dx/rop/cst/CstInteger getValue ()I 4881 1 7188 0 -1
ciMethod com/android/dx/rop/cst/CstLiteral32 getIntBits ()I 1033 1 129 0 -1
ciMethod com/android/dx/rop/cst/CstFieldRef getType ()Lcom/android/dx/rop/type/Type; 1737 1 8409 0 -1
ciMethod com/android/dx/rop/cst/CstBaseMethodRef getPrototype (Z)Lcom/android/dx/rop/type/Prototype; 521 1 5185 0 -1
ciMethod com/android/dx/rop/cst/CstInterfaceMethodRef toMethodRef ()Lcom/android/dx/rop/cst/CstMethodRef; 10009 1 827 0 -1
ciMethod com/android/dx/rop/cst/StdConstantPool get (I)Lcom/android/dx/rop/cst/Constant; 2849 1 34276 0 128
ciMethod com/android/dx/rop/cst/StdConstantPool throwInvalid (I)Lcom/android/dx/rop/cst/Constant; 0 0 1 0 -1
ciMethod com/android/dx/util/MutabilityControl <init> (Z)V 2049 1 41459 0 32
ciMethod com/android/dx/util/MutabilityControl setImmutable ()V 2049 1 172949 0 0
ciMethod com/android/dx/util/MutabilityControl throwIfImmutable ()V 2049 1 281397 0 64
ciMethod com/android/dx/rop/type/Type getBasicFrameType ()I 2065 1 1293 0 -1
ciMethod com/android/dx/rop/type/Type isCategory1 ()Z 1 1 746 0 -1
ciMethod com/android/dx/rop/type/Type isCategory2 ()Z 49185 1 6307 0 -1
ciMethod com/android/dx/rop/type/Type isArrayOrKnownNull ()Z 1 1 326 0 -1
ciMethod com/android/dx/rop/type/Type getComponentType ()Lcom/android/dx/rop/type/Type; 1 1 2384 0 -1
ciMethodData com/android/dx/util/ByteArray getUnsignedByte0 (I)I 2 236506 orig 264 104 158 235 102 0 0 0 0 216 85 85 6 0 0 0 0 40 1 0 0 0 0 0 0 0 0 0 0 0 0 0 0 0 0 0 0 0 0 0 0 0 0 0 0 0 0 0 0 0 0 0 0 0 0 0 0 0 0 0 0 0 0 0 0 0 0 0 0 0 0 0 0 0 0 0 0 0 0 0 0 77 68 79 32 101 120 116 114 97 32 100 97 116 97 32 108 111 99 107 0 0 0 0 0 0 0 0 0 0 0 0 0 0 0 0 0 0 0 0 0 0 0 0 0 0 0 0 0 0 0 0 0 0 0 0 0 0 0 0 0 0 0 0 0 0 0 0 0 0 0 0 0 0 0 0 0 0 0 0 0 0 0 0 0 0 0 0 0 0 0 0 0 0 0 0 0 0 0 0 0 0 0 0 0 1 0 0 0 0 0 0 0 0 0 0 0 0 0 0 0 1 0 0 0 0 0 0 0 0 0 0 0 0 0 0 0 0 1 0 0 209 214 28 0 1 0 0 0 0 0 0 0 0 0 0 0 2 0 0 0 0 0 3 0 4 0 0 0 0 0 0 0 255 255 255 255 0 0 0 0 0 0 0 0 data 0 oops 0
ciMethodData com/android/dx/util/ByteArray checkOffsets (II)V 2 5380 orig 264 104 158 235 102 0 0 0 0 80 84 85 6 0 0 0 0 40 3 0 0 64 0 0 0 0 0 0 0 0 0 0 0 0 0 0 0 0 0 0 0 0 0 0 0 0 0 0 0 0 0 0 0 0 0 0 0 0 0 0 0 0 0 0 0 0 0 0 0 0 0 0 0 0 0 0 0 0 0 0 0 77 68 79 32 101 120 116 114 97 32 100 97 116 97 32 108 111 99 107 0 0 0 0 0 0 0 0 0 0 0 0 0 0 0 0 0 0 0 0 0 0 0 0 0 0 0 0 0 0 0 0 0 0 0 0 0 0 0 0 0 0 0 0 0 0 0 0 0 0 0 0 0 0 0 0 0 0 0 0 0 0 0 0 0 0 0 0 0 0 0 0 0 0 0 0 0 0 0 0 0 0 0 0 0 25 0 0 0 0 0 0 0 0 0 0 0 0 0 0 0 1 0 0 0 0 0 0 0 0 0 0 0 0 0 0 0 0 1 0 0 33 160 0 0 1 0 0 0 0 0 0 0 0 0 0 0 2 0 0 0 0 0 10 0 4 0 1 0 208 1 0 0 255 255 255 255 7 0 1 0 0 0 0 0 data 58 0x10007 0x0 0x60 0x1404 0x60007 0x0 0x40 0x1404 0xe0007 0x1404 0x190 0x0 0x190002 0x0 0x1e0005 0x0 0x0 0x0 0x0 0x0 0x220005 0x0 0x0 0x0 0x0 0x0 0x270005 0x0 0x0 0x0 0x0 0x0 0x2b0005 0x0 0x0 0x0 0x0 0x0 0x300005 0x0 0x0 0x0 0x0 0x0 0x370005 0x0 0x0 0x0 0x0 0x0 0x3a0005 0x0 0x0 0x0 0x0 0x0 0x3d0002 0x0 oops 0
ciMethodData com/android/dx/util/ByteArray getUnsignedByte (I)I 2 102532 orig 264 104 158 235 102 0 0 0 0 144 81 85 6 0 0 0 0 72 1 0 0 0 0 0 0 0 0 0 0 0 0 0 0 0 0 0 0 0 0 0 0 0 0 0 0 0 0 0 0 0 0 0 0 0 0 0 0 0 0 0 0 0 0 0 0 0 0 0 0 0 0 0 0 0 0 0 0 0 0 0 0 77 68 79 32 101 120 116 114 97 32 100 97 116 97 32 108 111 99 107 0 0 0 0 0 0 0 0 0 0 0 0 0 0 0 0 0 0 0 0 0 0 0 0 0 0 0 0 0 0 0 0 0 0 0 0 0 0 0 0 0 0 0 0 0 0 0 0 0 0 0 0 0 0 0 0 0 0 0 0 0 0 0 0 0 0 0 0 0 0 0 0 0 0 0 0 0 0 0 0 0 0 0 0 0 17 0 0 0 0 0 0 0 0 0 0 0 0 0 0 0 1 0 0 0 0 0 0 0 0 0 0 0 0 0 0 0 0 1 0 0 33 124 12 0 1 0 0 0 0 0 0 0 0 0 0 0 2 0 0 0 0 0 3 0 4 0 1 0 32 0 0 0 255 255 255 255 2 0 5 0 0 0 0 0 data 4 0x50002 0x18f84 0xa0002 0x18f84 oops 0
ciMethod com/android/dx/rop/type/Prototype internInts (Lcom/android/dx/rop/type/Type;I)Lcom/android/dx/rop/type/Prototype; 0 0 1 0 -1
ciMethod com/android/dx/cf/code/BytecodeArray parseInstruction (ILcom/android/dx/cf/code/BytecodeArray$Visitor;)I 3073 1 121472 0 -1
ciMethod com/android/dx/cf/code/BytecodeArray parseTableswitch (ILcom/android/dx/cf/code/BytecodeArray$Visitor;)I 1 1 20 0 0
ciMethod com/android/dx/cf/code/BytecodeArray parseLookupswitch (ILcom/android/dx/cf/code/BytecodeArray$Visitor;)I 1 1 32 0 0
ciMethod com/android/dx/cf/code/BytecodeArray parseNewarray (ILcom/android/dx/cf/code/BytecodeArray$Visitor;)I 1 1 90 0 0
ciMethod com/android/dx/cf/code/BytecodeArray parseWide (ILcom/android/dx/cf/code/BytecodeArray$Visitor;)I 0 0 1 0 0
ciMethod com/android/dx/cf/code/ByteCatchList listFor (I)Lcom/android/dx/cf/code/ByteCatchList; 3857 1 8277 0 -1
ciMethod com/android/dx/cf/code/ByteCatchList toTargetList (I)Lcom/android/dx/util/IntList; 3857 1 8277 0 -1
ciMethod com/android/dx/cf/code/ConcreteMethod getCatches ()Lcom/android/dx/cf/code/ByteCatchList; 4097 1 12168 0 -1
ciMethod com/android/dx/cf/code/LocalVariableList pcAndIndexToLocal (II)Lcom/android/dx/cf/code/LocalVariableList$Item; 2049 1 6406 0 -1
ciMethod com/android/dx/cf/code/Machine clearArgs ()V 0 0 1 0 -1
ciMethod com/android/dx/cf/code/Machine popArgs (Lcom/android/dx/cf/code/Frame;I)V 0 0 1 0 -1
ciMethod com/android/dx/cf/code/Machine popArgs (Lcom/android/dx/cf/code/Frame;Lcom/android/dx/rop/type/Prototype;)V 0 0 1 0 -1
ciMethod com/android/dx/cf/code/Machine popArgs (Lcom/android/dx/cf/code/Frame;Lcom/android/dx/rop/type/Type;)V 0 0 1 0 -1
ciMethod com/android/dx/cf/code/Machine popArgs (Lcom/android/dx/cf/code/Frame;Lcom/android/dx/rop/type/Type;Lcom/android/dx/rop/type/Type;)V 0 0 1 0 -1
ciMethod com/android/dx/cf/code/Machine popArgs (Lcom/android/dx/cf/code/Frame;Lcom/android/dx/rop/type/Type;Lcom/android/dx/rop/type/Type;Lcom/android/dx/rop/type/Type;)V 0 0 1 0 -1
ciMethod com/android/dx/cf/code/Machine localArg (Lcom/android/dx/cf/code/Frame;I)V 0 0 1 0 -1
ciMethod com/android/dx/cf/code/Machine localInfo (Z)V 0 0 1 0 -1
ciMethod com/android/dx/cf/code/Machine auxType (Lcom/android/dx/rop/type/Type;)V 0 0 1 0 -1
ciMethod com/android/dx/cf/code/Machine auxIntArg (I)V 0 0 1 0 -1
ciMethod com/android/dx/cf/code/Machine auxCstArg (Lcom/android/dx/rop/cst/Constant;)V 0 0 1 0 -1
ciMethod com/android/dx/cf/code/Machine auxTargetArg (I)V 0 0 1 0 -1
ciMethod com/android/dx/cf/code/Machine localTarget (ILcom/android/dx/rop/type/Type;Lcom/android/dx/rop/code/LocalItem;)V 0 0 1 0 -1
ciMethod com/android/dx/cf/code/Machine run (Lcom/android/dx/cf/code/Frame;II)V 0 0 1 0 -1
ciMethod com/android/dx/cf/code/BasicBlocker visitNoArgs (IIILcom/android/dx/rop/type/Type;)V 2049 1 16332 0 1344
ciMethod com/android/dx/cf/code/BasicBlocker visitLocal (IIIILcom/android/dx/rop/type/Type;I)V 3281 1 22190 0 384
ciMethod com/android/dx/cf/code/BasicBlocker visitConstant (IIILcom/android/dx/rop/cst/Constant;I)V 3089 1 18807 0 448
ciMethod com/android/dx/cf/code/BasicBlocker visitBranch (IIII)V 3097 1 1093 0 0
ciMethod com/android/dx/cf/code/BasicBlocker addWorkIfNecessary (IZ)V 4097 1 15830 0 256
ciMethod com/android/dx/cf/code/BasicBlocker visitCommon (IIZ)V 4097 1 58472 0 320
ciMethod com/android/dx/cf/code/BasicBlocker visitThrowing (IIZ)V 3169 1 8277 0 3104
ciMethod com/android/dx/util/Bits get ([II)Z 3529 1 94077 0 128
ciMethod com/android/dx/util/Bits set ([II)V 3105 1 156879 0 128
ciMethod com/android/dx/util/IntList makeImmutable (I)Lcom/android/dx/util/IntList; 4097 1 20100 0 0
ciMethod com/android/dx/util/IntList makeImmutable (II)Lcom/android/dx/util/IntList; 2049 1 739 0 0
ciMethod com/android/dx/util/IntList <init> (I)V 3081 1 6462 0 256
ciMethod com/android/dx/util/IntList add (I)V 2049 1 6323 0 768
ciMethod com/android/dx/util/IntList growIfNeeded ()V 2049 1 5715 0 544
ciMethod com/android/dx/cf/code/ByteOps opInfo (I)I 3065 1 53990 0 64
ciMethod com/android/dx/cf/code/BaseMachine throwLocalMismatch (Lcom/android/dx/rop/type/TypeBearer;Lcom/android/dx/rop/type/TypeBearer;)V 0 0 1 0 -1
ciMethod com/android/dx/cf/code/Simulator access$100 ()Lcom/android/dx/cf/code/SimException; 0 0 1 0 -1
ciMethod com/android/dx/cf/code/Simulator access$200 (Lcom/android/dx/rop/type/Type;Lcom/android/dx/rop/type/Type;)Lcom/android/dx/rop/type/Type; 0 0 41 0 -1
ciMethod com/android/dx/cf/code/Simulator access$300 (Lcom/android/dx/cf/code/Simulator;)Lcom/android/dx/cf/code/LocalVariableList; 1025 1 128 0 -1
ciMethod com/android/dx/cf/code/Simulator$SimVisitor visitInvalid (III)V 0 0 1 0 -1
ciMethod com/android/dx/cf/code/Simulator$SimVisitor visitNoArgs (IIILcom/android/dx/rop/type/Type;)V 2065 1 5491 0 6688
ciMethod com/android/dx/cf/code/Simulator$SimVisitor checkReturnType (Lcom/android/dx/rop/type/Type;)V 209 1 1452 0 -1
ciMethod com/android/dx/cf/code/Simulator$SimVisitor visitLocal (IIIILcom/android/dx/rop/type/Type;I)V 2177 1 6436 0 3168
ciMethod com/android/dx/cf/code/Simulator$SimVisitor visitConstant (IIILcom/android/dx/rop/cst/Constant;I)V 36137 1 9917 0 -1
ciMethod com/android/dx/cf/code/Simulator$SimVisitor visitBranch (IIII)V 2049 1 2073 0 -1
ciMethod com/android/dx/cf/code/Frame getStack ()Lcom/android/dx/cf/code/ExecutionStack; 1497 1 187 0 -1
ciMethod com/android/dx/cf/code/ExecutionStack peekLocal (I)Z 1 1 740 0 -1
ciMethod com/android/dx/cf/code/ExecutionStack peekType (I)Lcom/android/dx/rop/type/Type; 169 1 289 0 -1
ciMethodData com/android/dx/util/MutabilityControl throwIfImmutable ()V 2 281397 orig 264 104 158 235 102 0 0 0 0 152 55 86 6 0 0 0 0 80 1 0 0 0 0 0 0 0 0 0 0 0 0 0 0 0 0 0 0 0 0 0 0 0 0 0 0 0 0 0 0 0 0 0 0 0 0 0 0 0 0 0 0 0 0 0 0 0 0 0 0 0 0 0 0 0 0 0 0 0 0 0 0 77 68 79 32 101 120 116 114 97 32 100 97 116 97 32 108 111 99 107 0 0 0 0 0 0 0 0 0 0 0 0 0 0 0 0 0 0 0 0 0 0 0 0 0 0 0 0 0 0 0 0 0 0 0 0 0 0 0 0 0 0 0 0 0 0 0 0 0 0 0 0 0 0 0 0 0 0 0 0 0 0 0 0 0 0 0 0 0 0 0 0 0 0 0 0 0 0 0 0 0 0 0 0 0 25 0 0 0 0 0 0 0 0 0 0 0 0 0 0 0 1 0 0 0 0 0 0 0 0 0 0 0 0 0 0 0 0 1 0 0 169 81 34 0 1 0 0 0 0 0 0 0 0 0 0 0 2 0 0 0 0 0 5 0 4 0 1 0 48 0 0 0 255 255 255 255 7 0 4 0 0 0 0 0 data 6 0x40007 0x44a35 0x30 0x0 0xd0002 0x0 oops 0
ciMethodData com/android/dx/util/MutabilityControl <init> (Z)V 2 41459 orig 264 104 158 235 102 0 0 0 0 224 52 86 6 0 0 0 0 56 1 0 0 0 0 0 0 0 0 0 0 0 0 0 0 0 0 0 0 0 0 0 0 0 0 0 0 0 0 0 0 0 0 0 0 0 0 0 0 0 0 0 0 0 0 0 0 0 0 0 0 0 0 0 0 0 0 0 0 0 0 0 0 77 68 79 32 101 120 116 114 97 32 100 97 116 97 32 108 111 99 107 0 0 0 0 0 0 0 0 0 0 0 0 0 0 0 0 0 0 0 0 0 0 0 0 0 0 0 0 0 0 0 0 0 0 0 0 0 0 0 0 0 0 0 0 0 0 0 0 0 0 0 0 0 0 0 0 0 0 0 0 0 0 0 0 0 0 0 0 0 0 0 0 0 0 0 0 0 0 0 0 0 0 0 0 0 1 0 0 0 0 0 0 0 0 0 0 0 0 0 0 0 1 0 0 0 0 0 0 0 0 0 0 0 0 0 0 0 0 1 0 0 153 7 5 0 1 0 0 0 0 0 0 0 0 0 0 0 2 0 0 0 0 0 3 0 4 0 1 0 16 0 0 0 255 255 255 255 2 0 1 0 0 0 0 0 data 2 0x10002 0xa0f3 oops 0
ciMethodData com/android/dx/util/MutabilityControl setImmutable ()V 2 172949 orig 264 104 158 235 102 0 0 0 0 136 53 86 6 0 0 0 0 32 1 0 0 0 0 0 0 0 0 0 0 0 0 0 0 0 0 0 0 0 0 0 0 0 0 0 0 0 0 0 0 0 0 0 0 0 0 0 0 0 0 0 0 0 0 0 0 0 0 0 0 0 0 0 0 0 0 0 0 0 0 0 0 77 68 79 32 101 120 116 114 97 32 100 97 116 97 32 108 111 99 107 0 0 0 0 0 0 0 0 0 0 0 0 0 0 0 0 0 0 0 0 0 0 0 0 0 0 0 0 0 0 0 0 0 0 0 0 0 0 0 0 0 0 0 0 0 0 0 0 0 0 0 0 0 0 0 0 0 0 0 0 0 0 0 0 0 0 0 0 0 0 0 0 0 0 0 0 0 0 0 0 0 0 0 0 0 1 0 0 0 0 0 0 0 0 0 0 0 0 0 0 0 1 0 0 0 0 0 0 0 0 0 0 0 0 0 0 0 0 1 0 0 169 20 21 0 1 0 0 0 0 0 0 0 0 0 0 0 2 0 0 0 0 0 3 0 3 0 0 0 0 0 0 0 255 255 255 255 0 0 0 0 0 0 0 0 data 0 oops 0
ciMethodData com/android/dx/util/IntList add (I)V 2 6323 orig 264 104 158 235 102 0 0 0 0 136 85 92 6 0 0 0 0 8 2 0 0 0 0 0 0 0 0 0 0 0 0 0 0 0 0 0 0 0 0 0 0 0 0 0 0 0 0 0 0 0 0 0 0 0 0 0 0 0 0 0 0 0 0 0 0 0 0 0 0 0 0 0 0 0 0 0 0 0 0 0 0 77 68 79 32 101 120 116 114 97 32 100 97 116 97 32 108 111 99 107 0 0 0 0 0 0 0 0 0 0 0 0 0 0 0 0 0 0 0 0 0 0 0 0 0 0 0 0 0 0 0 0 0 0 0 0 0 0 0 0 0 0 0 0 0 0 0 0 0 0 0 0 0 0 0 0 0 0 0 0 0 0 0 0 0 0 0 0 0 0 0 0 0 0 0 0 0 0 0 0 0 0 0 0 0 17 0 0 0 0 0 0 0 0 0 0 0 0 0 0 0 1 0 0 0 0 0 0 0 0 0 0 0 0 0 0 0 0 1 0 0 153 189 0 0 1 0 0 0 0 0 0 0 0 0 0 0 2 0 0 0 0 0 14 0 4 0 1 0 184 0 0 0 255 255 255 255 5 0 1 0 0 0 0 0 data 23 0x10005 0x0 0x9243180 0x17b3 0x0 0x0 0x50002 0x17b3 0x1d0007 0x570 0x78 0x1243 0x250007 0xefb 0x58 0x348 0x350007 0x19 0x38 0x32f 0x390003 0x32f 0x18 oops 1